<?xml version="1.0" encoding="UTF-8"?>
<testsuite xmlns:xsi="http://www.w3.org/2001/XMLSchema-instance" xsi:noNamespaceSchemaLocation="https://maven.apache.org/surefire/maven-surefire-plugin/xsd/surefire-test-report-3.0.xsd" version="3.0" name="models.FavoritoTest" time="0.009" tests="7" errors="0" skipped="0" failures="0">
  <properties>
[...]
</properties>
  <testcase name="testFavoritoWithMinimumFMFrequency" classname="models.FavoritoTest" time="0.001"/>
  <testcase name="testFavoritoConstructorAndGetters" classname="models.FavoritoTest" time="0.001"/>
  <testcase name="testFavoritoWithMinimumAMFrequency" classname="models.FavoritoTest" time="0.0"/>
  <testcase name="testFavoritoWithAMTipo" classname="models.FavoritoTest" time="0.0"/>
  <testcase name="testFavoritoWithFMTipo" classname="models.FavoritoTest" time="0.0"/>
  <testcase name="testFavoritoWithMaximumFMFrequency" classname="models.FavoritoTest" time="0.0"/>
  <testcase name="testFavoritoWithMaximumAMFrequency" classname="models.FavoritoTest" time="0.0"/>
</testsuite>